# Logfile created on 2020-10-18 23:35:08 +0530 by logger.rb/v1.4.2
  INFO ---------------------------------------------------------------------------
  INFO START 2020-10-18 23:35:08 +0530 cap production deploy
  INFO ---------------------------------------------------------------------------
 DEBUG [7402a00f] Running [ -d ~/.rvm ] on 192.168.0.106
 DEBUG [7402a00f] Command: [ -d ~/.rvm ]
 DEBUG [7402a00f] Finished in 0.315 seconds with exit status 0 (successful).
 DEBUG [755d9a19] Running ~/.rvm/bin/rvm version on 192.168.0.106
 DEBUG [755d9a19] Command: ( export RAILS_MASTER_KEY="33cd26bb481f9ed231ffb059bb3d4d46" ; ~/.rvm/bin/rvm version )
 DEBUG [755d9a19] 	rvm 1.29.10 (latest) by Michal Papis, Piotr Kuczynski, Wayne E. Seguin [https://rvm.io]
 DEBUG [755d9a19] Finished in 0.763 seconds with exit status 0 (successful).
 DEBUG [c65f7f5c] Running ~/.rvm/bin/rvm current on 192.168.0.106
 DEBUG [c65f7f5c] Command: ( export RAILS_MASTER_KEY="33cd26bb481f9ed231ffb059bb3d4d46" ; ~/.rvm/bin/rvm current )
 DEBUG [c65f7f5c] 	ruby-2.7.0
 DEBUG [c65f7f5c] Finished in 0.915 seconds with exit status 0 (successful).
 DEBUG [0c68306f] Running ~/.rvm/bin/rvm default do ruby --version on 192.168.0.106
 DEBUG [0c68306f] Command: ( export RAILS_MASTER_KEY="33cd26bb481f9ed231ffb059bb3d4d46" ; ~/.rvm/bin/rvm default do ruby --version )
 DEBUG [0c68306f] 	ruby 2.7.0p0 (2019-12-25 revision 647ee6f091) [armv7l-linux-eabihf]
 DEBUG [0c68306f] Finished in 1.249 seconds with exit status 0 (successful).
  INFO [7a34f9d2] Running git ls-remote /Users/mayank/stack_over_flow HEAD as mayank@localhost
 DEBUG [7a34f9d2] Command: git ls-remote /Users/mayank/stack_over_flow HEAD
 DEBUG [7a34f9d2] 	a791ad00979b8532d23d66d3b1254f09df5949f9	HEAD
 DEBUG [7a34f9d2] 	a791ad00979b8532d23d66d3b1254f09df5949f9	refs/remotes/origin/HEAD
  INFO [7a34f9d2] Finished in 0.053 seconds with exit status 0 (successful).
  INFO [5d4bb4af] Running mkdir -p /Users/mayank/qnawebsite/.local_repo as mayank@localhost
 DEBUG [5d4bb4af] Command: mkdir -p /Users/mayank/qnawebsite/.local_repo
  INFO [5d4bb4af] Finished in 0.007 seconds with exit status 0 (successful).
  INFO [dbca6ce7] Running /usr/bin/env mkdir -p /home/pi/stack_over_flow/shared /home/pi/stack_over_flow/releases on 192.168.0.106
 DEBUG [dbca6ce7] Command: ( export RAILS_MASTER_KEY="33cd26bb481f9ed231ffb059bb3d4d46" ; /usr/bin/env mkdir -p /home/pi/stack_over_flow/shared /home/pi/stack_over_flow/releases )
  INFO [dbca6ce7] Finished in 0.024 seconds with exit status 0 (successful).
  INFO [8b6e274e] Running /usr/bin/env mkdir -p /home/pi/stack_over_flow/shared/log /home/pi/stack_over_flow/shared/tmp/pids /home/pi/stack_over_flow/shared/tmp/sockets /home/pi/stack_over_flow/shared/vendor/bundle /home/pi/stack_over_flow/shared/.bundle /home/pi/stack_over_flow/shared/public on 192.168.0.106
 DEBUG [8b6e274e] Command: ( export RAILS_MASTER_KEY="33cd26bb481f9ed231ffb059bb3d4d46" ; /usr/bin/env mkdir -p /home/pi/stack_over_flow/shared/log /home/pi/stack_over_flow/shared/tmp/pids /home/pi/stack_over_flow/shared/tmp/sockets /home/pi/stack_over_flow/shared/vendor/bundle /home/pi/stack_over_flow/shared/.bundle /home/pi/stack_over_flow/shared/public )
  INFO [8b6e274e] Finished in 0.021 seconds with exit status 0 (successful).
  INFO [58668fc4] Running /usr/bin/env mkdir -p /home/pi/stack_over_flow/shared/config on 192.168.0.106
 DEBUG [58668fc4] Command: ( export RAILS_MASTER_KEY="33cd26bb481f9ed231ffb059bb3d4d46" ; /usr/bin/env mkdir -p /home/pi/stack_over_flow/shared/config )
  INFO [58668fc4] Finished in 0.066 seconds with exit status 0 (successful).
 DEBUG Uploading /Users/mayank/stack_over_flow/config/config.json 0.0%
  INFO Uploading /Users/mayank/stack_over_flow/config/config.json 100.0%
 DEBUG [46abca7e] Running [ -f /home/pi/stack_over_flow/shared/config/config.json ] on 192.168.0.106
 DEBUG [46abca7e] Command: [ -f /home/pi/stack_over_flow/shared/config/config.json ]
 DEBUG [46abca7e] Finished in 0.013 seconds with exit status 0 (successful).
 DEBUG [aaa44452] Running [ -f /home/pi/stack_over_flow/current/REVISION ] on 192.168.0.106
 DEBUG [aaa44452] Command: [ -f /home/pi/stack_over_flow/current/REVISION ]
 DEBUG [aaa44452] Finished in 0.013 seconds with exit status 1 (failed).
  INFO [d1596b89] Running ~/.rvm/bin/rvm default do bundle --gemfile /Users/mayank/stack_over_flow/Gemfile --deployment --quiet --path /Users/mayank/qnawebsite/.local_repo/bundle --without development test as mayank@localhost
 DEBUG [d1596b89] Command: ( export RAILS_MASTER_KEY="33cd26bb481f9ed231ffb059bb3d4d46" BUNDLE_APP_CONFIG="/Users/mayank/qnawebsite/.local_repo" ; ~/.rvm/bin/rvm default do bundle --gemfile /Users/mayank/stack_over_flow/Gemfile --deployment --quiet --path /Users/mayank/qnawebsite/.local_repo/bundle --without development test )
 DEBUG [d1596b89] 	[DEPRECATED] The `--deployment` flag is deprecated because it relies on being remembered across bundler invocations, which bundler will no longer do in future versions. Instead please use `bundle config set deployment 'true'`, and stop using this flag
 DEBUG [d1596b89] 	[DEPRECATED] The `--path` flag is deprecated because it relies on being remembered across bundler invocations, which bundler will no longer do in future versions. Instead please use `bundle config set path '/Users/mayank/qnawebsite/.local_repo/bundle'`, and stop using this flag
 DEBUG [d1596b89] 	[DEPRECATED] The `--without` flag is deprecated because it relies on being remembered across bundler invocations, which bundler will no longer do in future versions. Instead please use `bundle config set without 'development test'`, and stop using this flag
 DEBUG [d1596b89] 	You are trying to install in deployment mode after changing
 DEBUG [d1596b89] 	your Gemfile. Run `bundle install` elsewhere and add the
 DEBUG [d1596b89] 	updated ../stack_over_flow/Gemfile.lock to version control.
 DEBUG [d1596b89] 	
 DEBUG [d1596b89] 	The dependencies in your gemfile changed
 DEBUG [d1596b89] 	
 DEBUG [d1596b89] 	You have added to the Gemfile:
 DEBUG [d1596b89] 	* sassc (= 2.1.0)
 DEBUG [d1596b89] 	
 DEBUG [d1596b89] 	You have deleted from the Gemfile:
 DEBUG [d1596b89] 	* sassc (= 2.4.0)
  INFO ---------------------------------------------------------------------------
  INFO START 2020-10-18 23:36:30 +0530 cap production deploy
  INFO ---------------------------------------------------------------------------
 DEBUG [e0218cf2] Running [ -d ~/.rvm ] on 192.168.0.106
 DEBUG [e0218cf2] Command: [ -d ~/.rvm ]
 DEBUG [e0218cf2] Finished in 0.318 seconds with exit status 0 (successful).
 DEBUG [c9a4bac4] Running ~/.rvm/bin/rvm version on 192.168.0.106
 DEBUG [c9a4bac4] Command: ( export RAILS_MASTER_KEY="33cd26bb481f9ed231ffb059bb3d4d46" ; ~/.rvm/bin/rvm version )
 DEBUG [c9a4bac4] 	rvm 1.29.10 (latest) by Michal Papis, Piotr Kuczynski, Wayne E. Seguin [https://rvm.io]
 DEBUG [c9a4bac4] Finished in 0.931 seconds with exit status 0 (successful).
 DEBUG [f0e01db9] Running ~/.rvm/bin/rvm current on 192.168.0.106
 DEBUG [f0e01db9] Command: ( export RAILS_MASTER_KEY="33cd26bb481f9ed231ffb059bb3d4d46" ; ~/.rvm/bin/rvm current )
  INFO ---------------------------------------------------------------------------
  INFO START 2020-10-18 23:36:50 +0530 cap production deploy
  INFO ---------------------------------------------------------------------------
 DEBUG [fc1e6cfa] Running [ -d ~/.rvm ] on 192.168.0.106
 DEBUG [fc1e6cfa] Command: [ -d ~/.rvm ]
 DEBUG [fc1e6cfa] Finished in 0.285 seconds with exit status 0 (successful).
 DEBUG [2a957704] Running ~/.rvm/bin/rvm version on 192.168.0.106
 DEBUG [2a957704] Command: ( export RAILS_MASTER_KEY="33cd26bb481f9ed231ffb059bb3d4d46" ; ~/.rvm/bin/rvm version )
 DEBUG [2a957704] 	rvm 1.29.10 (latest) by Michal Papis, Piotr Kuczynski, Wayne E. Seguin [https://rvm.io]
 DEBUG [2a957704] Finished in 0.925 seconds with exit status 0 (successful).
 DEBUG [f05081e9] Running ~/.rvm/bin/rvm current on 192.168.0.106
 DEBUG [f05081e9] Command: ( export RAILS_MASTER_KEY="33cd26bb481f9ed231ffb059bb3d4d46" ; ~/.rvm/bin/rvm current )
 DEBUG [f05081e9] 	ruby-2.7.0
 DEBUG [f05081e9] Finished in 0.901 seconds with exit status 0 (successful).
 DEBUG [e3c6c092] Running ~/.rvm/bin/rvm default do ruby --version on 192.168.0.106
 DEBUG [e3c6c092] Command: ( export RAILS_MASTER_KEY="33cd26bb481f9ed231ffb059bb3d4d46" ; ~/.rvm/bin/rvm default do ruby --version )
 DEBUG [e3c6c092] 	ruby 2.7.0p0 (2019-12-25 revision 647ee6f091) [armv7l-linux-eabihf]
 DEBUG [e3c6c092] Finished in 1.529 seconds with exit status 0 (successful).
  INFO [c269fa4d] Running git ls-remote /Users/mayank/qnawebsite HEAD as mayank@localhost
 DEBUG [c269fa4d] Command: git ls-remote /Users/mayank/qnawebsite HEAD
  INFO [c269fa4d] Finished in 0.024 seconds with exit status 0 (successful).
  INFO [4702f8ed] Running mkdir -p /Users/mayank/qnawebsite/.local_repo as mayank@localhost
 DEBUG [4702f8ed] Command: mkdir -p /Users/mayank/qnawebsite/.local_repo
  INFO [4702f8ed] Finished in 0.005 seconds with exit status 0 (successful).
  INFO [0242f665] Running /usr/bin/env mkdir -p /home/pi/qnawebsite/shared /home/pi/qnawebsite/releases on 192.168.0.106
 DEBUG [0242f665] Command: ( export RAILS_MASTER_KEY="33cd26bb481f9ed231ffb059bb3d4d46" ; /usr/bin/env mkdir -p /home/pi/qnawebsite/shared /home/pi/qnawebsite/releases )
  INFO [0242f665] Finished in 0.037 seconds with exit status 0 (successful).
  INFO [c35d28b5] Running /usr/bin/env mkdir -p /home/pi/qnawebsite/shared/log /home/pi/qnawebsite/shared/tmp/pids /home/pi/qnawebsite/shared/tmp/sockets /home/pi/qnawebsite/shared/vendor/bundle /home/pi/qnawebsite/shared/.bundle /home/pi/qnawebsite/shared/public on 192.168.0.106
 DEBUG [c35d28b5] Command: ( export RAILS_MASTER_KEY="33cd26bb481f9ed231ffb059bb3d4d46" ; /usr/bin/env mkdir -p /home/pi/qnawebsite/shared/log /home/pi/qnawebsite/shared/tmp/pids /home/pi/qnawebsite/shared/tmp/sockets /home/pi/qnawebsite/shared/vendor/bundle /home/pi/qnawebsite/shared/.bundle /home/pi/qnawebsite/shared/public )
  INFO [c35d28b5] Finished in 0.036 seconds with exit status 0 (successful).
  INFO [1a636ee7] Running /usr/bin/env mkdir -p /home/pi/qnawebsite/shared/config on 192.168.0.106
 DEBUG [1a636ee7] Command: ( export RAILS_MASTER_KEY="33cd26bb481f9ed231ffb059bb3d4d46" ; /usr/bin/env mkdir -p /home/pi/qnawebsite/shared/config )
  INFO [1a636ee7] Finished in 0.101 seconds with exit status 0 (successful).
 DEBUG Uploading /Users/mayank/qnawebsite/config/config.json 0.0%
  INFO Uploading /Users/mayank/qnawebsite/config/config.json 100.0%
 DEBUG [891b0935] Running [ -f /home/pi/qnawebsite/shared/config/config.json ] on 192.168.0.106
 DEBUG [891b0935] Command: [ -f /home/pi/qnawebsite/shared/config/config.json ]
 DEBUG [891b0935] Finished in 0.070 seconds with exit status 0 (successful).
 DEBUG [a3d68b2a] Running [ -f /home/pi/qnawebsite/current/REVISION ] on 192.168.0.106
 DEBUG [a3d68b2a] Command: [ -f /home/pi/qnawebsite/current/REVISION ]
 DEBUG [a3d68b2a] Finished in 0.020 seconds with exit status 1 (failed).
  INFO [8f1ea809] Running ~/.rvm/bin/rvm default do bundle --gemfile /Users/mayank/qnawebsite/Gemfile --deployment --quiet --path /Users/mayank/qnawebsite/.local_repo/bundle --without development test as mayank@localhost
 DEBUG [8f1ea809] Command: ( export RAILS_MASTER_KEY="33cd26bb481f9ed231ffb059bb3d4d46" BUNDLE_APP_CONFIG="/Users/mayank/qnawebsite/.local_repo" ; ~/.rvm/bin/rvm default do bundle --gemfile /Users/mayank/qnawebsite/Gemfile --deployment --quiet --path /Users/mayank/qnawebsite/.local_repo/bundle --without development test )
 DEBUG [8f1ea809] 	[DEPRECATED] The `--deployment` flag is deprecated because it relies on being remembered across bundler invocations, which bundler will no longer do in future versions. Instead please use `bundle config set deployment 'true'`, and stop using this flag
 DEBUG [8f1ea809] 	[DEPRECATED] The `--path` flag is deprecated because it relies on being remembered across bundler invocations, which bundler will no longer do in future versions. Instead please use `bundle config set path '/Users/mayank/qnawebsite/.local_repo/bundle'`, and stop using this flag
 DEBUG [8f1ea809] 	[DEPRECATED] The `--without` flag is deprecated because it relies on being remembered across bundler invocations, which bundler will no longer do in future versions. Instead please use `bundle config set without 'development test'`, and stop using this flag
  INFO [8f1ea809] Finished in 830.906 seconds with exit status 0 (successful).
  INFO [e959c3ea] Running /usr/bin/env rm /Users/mayank/qnawebsite/.local_repo/config as mayank@localhost
 DEBUG [e959c3ea] Command: ( export RAILS_MASTER_KEY="33cd26bb481f9ed231ffb059bb3d4d46" BUNDLE_APP_CONFIG="/Users/mayank/qnawebsite/.local_repo" ; /usr/bin/env rm /Users/mayank/qnawebsite/.local_repo/config )
  INFO [e959c3ea] Finished in 0.038 seconds with exit status 0 (successful).
 DEBUG [8c3fb354] Running /usr/bin/env cat /Users/mayank/qnawebsite/tmp/last_release_timestamp.txt as mayank@localhost
 DEBUG [8c3fb354] Command: ( export RAILS_MASTER_KEY="33cd26bb481f9ed231ffb059bb3d4d46" ; /usr/bin/env cat /Users/mayank/qnawebsite/tmp/last_release_timestamp.txt )
 DEBUG [8c3fb354] 	cat: /Users/mayank/qnawebsite/tmp/last_release_timestamp.txt: No such file or directory
  INFO [41da0bf6] Running /usr/bin/env mkdir -p /Users/mayank/qnawebsite/tmp as mayank@localhost
 DEBUG [41da0bf6] Command: ( export RAILS_MASTER_KEY="33cd26bb481f9ed231ffb059bb3d4d46" ; /usr/bin/env mkdir -p /Users/mayank/qnawebsite/tmp )
  INFO [41da0bf6] Finished in 0.036 seconds with exit status 0 (successful).
  INFO [24184b43] Running /usr/bin/env echo 20201018180654 > /Users/mayank/qnawebsite/tmp/last_release_timestamp.txt as mayank@localhost
 DEBUG [24184b43] Command: ( export RAILS_MASTER_KEY="33cd26bb481f9ed231ffb059bb3d4d46" ; /usr/bin/env echo 20201018180654 > /Users/mayank/qnawebsite/tmp/last_release_timestamp.txt )
  INFO [24184b43] Finished in 0.037 seconds with exit status 0 (successful).
  INFO [768967ae] Running /usr/bin/env rsync -az --delete --exclude=.local_repo --rsh='ssh -l pi' /Users/mayank/qnawebsite/ 192.168.0.106:/home/pi/qnawebsite/releases/20201018180654/ as mayank@localhost
 DEBUG [768967ae] Command: ( export RAILS_MASTER_KEY="33cd26bb481f9ed231ffb059bb3d4d46" ; /usr/bin/env rsync -az --delete --exclude=.local_repo --rsh='ssh -l pi' /Users/mayank/qnawebsite/ 192.168.0.106:/home/pi/qnawebsite/releases/20201018180654/ )
 DEBUG [768967ae] 	file has vanished: "/Users/mayank/qnawebsite/node_modules/fsevents/build/Release/obj.target/fse/fsevents-1a071cd5.o.tmp"
 DEBUG [768967ae] 	rsync warning: some files vanished before they could be transferred (code 24) at /AppleInternal/BuildRoot/Library/Caches/com.apple.xbs/Sources/rsync/rsync-54.120.1/rsync/main.c(996) [sender=2.6.9]
  INFO ---------------------------------------------------------------------------
  INFO START 2020-10-18 23:52:49 +0530 cap production deploy
  INFO ---------------------------------------------------------------------------
 DEBUG [96045868] Running [ -d ~/.rvm ] on 192.168.0.106
 DEBUG [96045868] Command: [ -d ~/.rvm ]
 DEBUG [96045868] Finished in 0.329 seconds with exit status 0 (successful).
 DEBUG [94a8c414] Running ~/.rvm/bin/rvm version on 192.168.0.106
 DEBUG [94a8c414] Command: ( export RAILS_MASTER_KEY="33cd26bb481f9ed231ffb059bb3d4d46" ; ~/.rvm/bin/rvm version )
 DEBUG [94a8c414] 	rvm 1.29.10 (latest) by Michal Papis, Piotr Kuczynski, Wayne E. Seguin [https://rvm.io]
 DEBUG [94a8c414] Finished in 0.992 seconds with exit status 0 (successful).
 DEBUG [9ca5f65c] Running ~/.rvm/bin/rvm current on 192.168.0.106
 DEBUG [9ca5f65c] Command: ( export RAILS_MASTER_KEY="33cd26bb481f9ed231ffb059bb3d4d46" ; ~/.rvm/bin/rvm current )
 DEBUG [9ca5f65c] 	ruby-2.7.0
 DEBUG [9ca5f65c] Finished in 0.922 seconds with exit status 0 (successful).
 DEBUG [7403b150] Running ~/.rvm/bin/rvm default do ruby --version on 192.168.0.106
 DEBUG [7403b150] Command: ( export RAILS_MASTER_KEY="33cd26bb481f9ed231ffb059bb3d4d46" ; ~/.rvm/bin/rvm default do ruby --version )
 DEBUG [7403b150] 	ruby 2.7.0p0 (2019-12-25 revision 647ee6f091) [armv7l-linux-eabihf]
 DEBUG [7403b150] Finished in 1.246 seconds with exit status 0 (successful).
  INFO [93cd6360] Running git ls-remote /Users/mayank/qnawebsite HEAD as mayank@localhost
 DEBUG [93cd6360] Command: git ls-remote /Users/mayank/qnawebsite HEAD
  INFO [93cd6360] Finished in 0.034 seconds with exit status 0 (successful).
  INFO [e93abe96] Running mkdir -p /Users/mayank/qnawebsite/.local_repo as mayank@localhost
 DEBUG [e93abe96] Command: mkdir -p /Users/mayank/qnawebsite/.local_repo
  INFO [e93abe96] Finished in 0.004 seconds with exit status 0 (successful).
  INFO [8a429398] Running /usr/bin/env mkdir -p /home/pi/qnawebsite/shared /home/pi/qnawebsite/releases on 192.168.0.106
 DEBUG [8a429398] Command: ( export RAILS_MASTER_KEY="33cd26bb481f9ed231ffb059bb3d4d46" ; /usr/bin/env mkdir -p /home/pi/qnawebsite/shared /home/pi/qnawebsite/releases )
  INFO [8a429398] Finished in 0.021 seconds with exit status 0 (successful).
  INFO [d0919e72] Running /usr/bin/env mkdir -p /home/pi/qnawebsite/shared/log /home/pi/qnawebsite/shared/tmp/pids /home/pi/qnawebsite/shared/tmp/sockets /home/pi/qnawebsite/shared/vendor/bundle /home/pi/qnawebsite/shared/.bundle /home/pi/qnawebsite/shared/public on 192.168.0.106
 DEBUG [d0919e72] Command: ( export RAILS_MASTER_KEY="33cd26bb481f9ed231ffb059bb3d4d46" ; /usr/bin/env mkdir -p /home/pi/qnawebsite/shared/log /home/pi/qnawebsite/shared/tmp/pids /home/pi/qnawebsite/shared/tmp/sockets /home/pi/qnawebsite/shared/vendor/bundle /home/pi/qnawebsite/shared/.bundle /home/pi/qnawebsite/shared/public )
  INFO [d0919e72] Finished in 0.024 seconds with exit status 0 (successful).
  INFO [119d1415] Running /usr/bin/env mkdir -p /home/pi/qnawebsite/shared/config on 192.168.0.106
 DEBUG [119d1415] Command: ( export RAILS_MASTER_KEY="33cd26bb481f9ed231ffb059bb3d4d46" ; /usr/bin/env mkdir -p /home/pi/qnawebsite/shared/config )
  INFO [119d1415] Finished in 0.064 seconds with exit status 0 (successful).
 DEBUG Uploading /Users/mayank/qnawebsite/config/config.json 0.0%
  INFO Uploading /Users/mayank/qnawebsite/config/config.json 100.0%
 DEBUG [339a178b] Running [ -f /home/pi/qnawebsite/shared/config/config.json ] on 192.168.0.106
 DEBUG [339a178b] Command: [ -f /home/pi/qnawebsite/shared/config/config.json ]
 DEBUG [339a178b] Finished in 0.068 seconds with exit status 0 (successful).
 DEBUG [34b42aec] Running [ -f /home/pi/qnawebsite/current/REVISION ] on 192.168.0.106
 DEBUG [34b42aec] Command: [ -f /home/pi/qnawebsite/current/REVISION ]
 DEBUG [34b42aec] Finished in 0.015 seconds with exit status 1 (failed).
  INFO [cebf504d] Running ~/.rvm/bin/rvm default do bundle --gemfile /Users/mayank/qnawebsite/Gemfile --deployment --quiet --path /Users/mayank/qnawebsite/.local_repo/bundle --without development test as mayank@localhost
 DEBUG [cebf504d] Command: ( export RAILS_MASTER_KEY="33cd26bb481f9ed231ffb059bb3d4d46" BUNDLE_APP_CONFIG="/Users/mayank/qnawebsite/.local_repo" ; ~/.rvm/bin/rvm default do bundle --gemfile /Users/mayank/qnawebsite/Gemfile --deployment --quiet --path /Users/mayank/qnawebsite/.local_repo/bundle --without development test )
 DEBUG [cebf504d] 	[DEPRECATED] The `--deployment` flag is deprecated because it relies on being remembered across bundler invocations, which bundler will no longer do in future versions. Instead please use `bundle config set deployment 'true'`, and stop using this flag
 DEBUG [cebf504d] 	[DEPRECATED] The `--path` flag is deprecated because it relies on being remembered across bundler invocations, which bundler will no longer do in future versions. Instead please use `bundle config set path '/Users/mayank/qnawebsite/.local_repo/bundle'`, and stop using this flag
 DEBUG [cebf504d] 	[DEPRECATED] The `--without` flag is deprecated because it relies on being remembered across bundler invocations, which bundler will no longer do in future versions. Instead please use `bundle config set without 'development test'`, and stop using this flag
  INFO [cebf504d] Finished in 1.575 seconds with exit status 0 (successful).
  INFO [6abdd029] Running /usr/bin/env rm /Users/mayank/qnawebsite/.local_repo/config as mayank@localhost
 DEBUG [6abdd029] Command: ( export RAILS_MASTER_KEY="33cd26bb481f9ed231ffb059bb3d4d46" BUNDLE_APP_CONFIG="/Users/mayank/qnawebsite/.local_repo" ; /usr/bin/env rm /Users/mayank/qnawebsite/.local_repo/config )
  INFO [6abdd029] Finished in 0.017 seconds with exit status 0 (successful).
 DEBUG [88198fa6] Running /usr/bin/env cat /Users/mayank/qnawebsite/tmp/last_release_timestamp.txt as mayank@localhost
 DEBUG [88198fa6] Command: ( export RAILS_MASTER_KEY="33cd26bb481f9ed231ffb059bb3d4d46" ; /usr/bin/env cat /Users/mayank/qnawebsite/tmp/last_release_timestamp.txt )
 DEBUG [88198fa6] 	20201018180654
 DEBUG [88198fa6] Finished in 0.015 seconds with exit status 0 (successful).
  INFO [4a780080] Running /usr/bin/env mkdir -p /Users/mayank/qnawebsite/tmp as mayank@localhost
 DEBUG [4a780080] Command: ( export RAILS_MASTER_KEY="33cd26bb481f9ed231ffb059bb3d4d46" ; /usr/bin/env mkdir -p /Users/mayank/qnawebsite/tmp )
  INFO [4a780080] Finished in 0.020 seconds with exit status 0 (successful).
  INFO [05182733] Running /usr/bin/env echo 20201018182253 > /Users/mayank/qnawebsite/tmp/last_release_timestamp.txt as mayank@localhost
 DEBUG [05182733] Command: ( export RAILS_MASTER_KEY="33cd26bb481f9ed231ffb059bb3d4d46" ; /usr/bin/env echo 20201018182253 > /Users/mayank/qnawebsite/tmp/last_release_timestamp.txt )
  INFO [05182733] Finished in 0.017 seconds with exit status 0 (successful).
  INFO [af9c3d66] Running /usr/bin/env rsync -az --delete --exclude=.local_repo --rsh='ssh -l pi' /Users/mayank/qnawebsite/ 192.168.0.106:/home/pi/qnawebsite/releases/20201018182253/ as mayank@localhost
 DEBUG [af9c3d66] Command: ( export RAILS_MASTER_KEY="33cd26bb481f9ed231ffb059bb3d4d46" ; /usr/bin/env rsync -az --delete --exclude=.local_repo --rsh='ssh -l pi' /Users/mayank/qnawebsite/ 192.168.0.106:/home/pi/qnawebsite/releases/20201018182253/ )
  INFO [af9c3d66] Finished in 3.341 seconds with exit status 0 (successful).
 DEBUG [8689bae5] Running if test ! -d /home/pi/qnawebsite/releases/20201018182253; then echo "Directory does not exist '/home/pi/qnawebsite/releases/20201018182253'" 1>&2; false; fi on 192.168.0.106
 DEBUG [8689bae5] Command: if test ! -d /home/pi/qnawebsite/releases/20201018182253; then echo "Directory does not exist '/home/pi/qnawebsite/releases/20201018182253'" 1>&2; false; fi
 DEBUG [8689bae5] Finished in 0.014 seconds with exit status 0 (successful).
  INFO [6deb3f72] Running /usr/bin/env mkdir -p .bundle on 192.168.0.106
 DEBUG [6deb3f72] Command: cd /home/pi/qnawebsite/releases/20201018182253 && ( export RAILS_MASTER_KEY="33cd26bb481f9ed231ffb059bb3d4d46" ; /usr/bin/env mkdir -p .bundle )
  INFO [6deb3f72] Finished in 0.024 seconds with exit status 0 (successful).
  INFO [5751141c] Running /usr/bin/env rsync -az --delete --exclude=.local_repo --rsh='ssh -l pi' /Users/mayank/qnawebsite/.local_repo/bundle/ 192.168.0.106:/home/pi/qnawebsite/shared/bundle/ as mayank@localhost
 DEBUG [5751141c] Command: ( export RAILS_MASTER_KEY="33cd26bb481f9ed231ffb059bb3d4d46" ; /usr/bin/env rsync -az --delete --exclude=.local_repo --rsh='ssh -l pi' /Users/mayank/qnawebsite/.local_repo/bundle/ 192.168.0.106:/home/pi/qnawebsite/shared/bundle/ )
  INFO [5751141c] Finished in 24.863 seconds with exit status 0 (successful).
  INFO [7074d247] Running /usr/bin/env rsync -az --delete --exclude=.local_repo --rsh='ssh -l pi' /Users/mayank/qnawebsite/.local_repo/bundle_config 192.168.0.106:/home/pi/qnawebsite/releases/20201018182253/.bundle/config as mayank@localhost
 DEBUG [7074d247] Command: ( export RAILS_MASTER_KEY="33cd26bb481f9ed231ffb059bb3d4d46" ; /usr/bin/env rsync -az --delete --exclude=.local_repo --rsh='ssh -l pi' /Users/mayank/qnawebsite/.local_repo/bundle_config 192.168.0.106:/home/pi/qnawebsite/releases/20201018182253/.bundle/config )
  INFO [7074d247] Finished in 0.342 seconds with exit status 0 (successful).
 DEBUG [8ec7d52a] Running if test ! -d /Users/mayank/qnawebsite; then echo "Directory does not exist '/Users/mayank/qnawebsite'" 1>&2; false; fi as mayank@localhost
 DEBUG [8ec7d52a] Command: if test ! -d /Users/mayank/qnawebsite; then echo "Directory does not exist '/Users/mayank/qnawebsite'" 1>&2; false; fi
 DEBUG [8ec7d52a] Finished in 0.014 seconds with exit status 0 (successful).
 DEBUG [68fd6d44] Running /usr/bin/env git rev-parse --short HEAD as mayank@localhost
 DEBUG [68fd6d44] Command: cd /Users/mayank/qnawebsite && ( export RAILS_MASTER_KEY="33cd26bb481f9ed231ffb059bb3d4d46" ; /usr/bin/env git rev-parse --short HEAD )
 DEBUG [68fd6d44] 	fatal: Needed a single revision
